Using pre-set license
Built from '2020.2/china_unity/release' branch; Version is '2020.2.2f1c1 (e7e650540bb3) revision 15197776'; Using compiler version '192528614'; Build Type 'Release'
OS: 'Windows 10 Home China; OS build 19042.985; Version 2009; 64bit' Language: 'zh' Physical Memory: 15591 MB
BatchMode: 1, IsHumanControllingUs: 0, StartBugReporterOnCrash: 0, Is64bit: 1, IsPro: 0

 COMMAND LINE ARGUMENTS:
D:\UnityEditor\2020.2.2f1c1\Editor\Unity.exe
-adb2
-batchMode
-noUpm
-name
AssetImportWorker0
-projectPath
D:/U3DProject/testPackage
-logFile
Logs/AssetImportWorker0.log
-srvPort
62327
Successfully changed project path to: D:/U3DProject/testPackage
D:/U3DProject/testPackage
Using Asset Import Pipeline V2.
Refreshing native plugins compatible for Editor in 63.50 ms, found 0 plugins.
Preloading 0 native plugins for Editor in 0.00 ms.
Initialize engine version: 2020.2.2f1c1 (e7e650540bb3)
[Subsystems] Discovering subsystems at path D:/UnityEditor/2020.2.2f1c1/Editor/Data/Resources/UnitySubsystems
[Subsystems] Discovering subsystems at path D:/U3DProject/testPackage/Assets
GfxDevice: creating device client; threaded=0
Direct3D:
    Version:  Direct3D 11.0 [level 11.1]
    Renderer: AMD Radeon(TM) Graphics (ID=0x1636)
    Vendor:   
    VRAM:     7795 MB
    Driver:   27.20.11024.15001
Shader 'Universal Render Pipeline/Particles/Lit': fallback shader 'Universal Render Pipeline/Particles/SimpleLit' not found
Initialize mono
Mono path[0] = 'D:/UnityEditor/2020.2.2f1c1/Editor/Data/Managed'
Mono path[1] = 'D:/UnityEditor/2020.2.2f1c1/Editor/Data/MonoBleedingEdge/lib/mono/unityjit'
Mono config path = 'D:/UnityEditor/2020.2.2f1c1/Editor/Data/MonoBleedingEdge/etc'
Using monoOptions --debugger-agent=transport=dt_socket,embedding=1,server=y,suspend=n,address=127.0.0.1:56916
Begin MonoManager ReloadAssembly
Registering precompiled unity dll's ...
Register platform support module: D:/UnityEditor/2020.2.2f1c1/Editor/Data/PlaybackEngines/WindowsStandaloneSupport/UnityEditor.WindowsStandalone.Extensions.dll
Registered in 0.001217 seconds.
Native extension for WindowsStandalone target not found
Refreshing native plugins compatible for Editor in 70.33 ms, found 0 plugins.
Preloading 0 native plugins for Editor in 0.00 ms.
Invoked RoslynAnalysisRunner static constructor.
RoslynAnalysisRunner will not be running.
RoslynAnalysisRunner has terminated.
Mono: successfully reloaded assembly
- Completed reload, in  1.068 seconds
Platform modules already initialized, skipping
Registering precompiled user dll's ...
Registered in 0.007660 seconds.
Begin MonoManager ReloadAssembly
Native extension for WindowsStandalone target not found
Refreshing native plugins compatible for Editor in 82.31 ms, found 0 plugins.
Preloading 0 native plugins for Editor in 0.00 ms.
执行了BsonHelper初始化
UnityEngine.StackTraceUtility:ExtractStackTrace ()
UnityEngine.DebugLogHandler:LogFormat (UnityEngine.LogType,UnityEngine.Object,string,object[])
UnityEngine.Logger:Log (UnityEngine.LogType,object)
UnityEngine.Debug:Log (object)
ETModel.Log:Info (string) (at Assets/U3d-package/Model/Base/Log.cs:19)
ETModel.BsonHelper:.cctor () (at Assets/U3d-package/Model/Logic/Helpers/BsonHelper.cs:26)
System.Runtime.CompilerServices.RuntimeHelpers:RunClassConstructor (System.RuntimeTypeHandle)
UnityEditor.EditorAssemblies:ProcessInitializeOnLoadAttributes (System.Type[])

(Filename: Assets/U3d-package/Model/Base/Log.cs Line: 19)

复制Hotfix.dll, Hotfix.pdb到Res/Code完成
UnityEngine.StackTraceUtility:ExtractStackTrace ()
UnityEngine.DebugLogHandler:LogFormat (UnityEngine.LogType,UnityEngine.Object,string,object[])
UnityEngine.Logger:Log (UnityEngine.LogType,object)
UnityEngine.Debug:Log (object)
ETModel.Log:Info (string) (at Assets/U3d-package/Model/Base/Log.cs:19)
ETEditor.Startup:.cctor () (at Assets/U3d-package/Editor/Startup.cs:20)
System.Runtime.CompilerServices.RuntimeHelpers:RunClassConstructor (System.RuntimeTypeHandle)
UnityEditor.EditorAssemblies:ProcessInitializeOnLoadAttributes (System.Type[])

(Filename: Assets/U3d-package/Model/Base/Log.cs Line: 19)

Invoked RoslynAnalysisRunner static constructor.
RoslynAnalysisRunner will not be running.
RoslynAnalysisRunner has terminated.
Mono: successfully reloaded assembly
- Completed reload, in  1.891 seconds
Platform modules already initialized, skipping
========================================================================
Worker process is ready to serve import requests
Shader 'Universal Render Pipeline/Particles/Lit': fallback shader 'Universal Render Pipeline/Particles/SimpleLit' not found
Launched and connected shader compiler UnityShaderCompiler.exe after 0.07 seconds
Refreshing native plugins compatible for Editor in 0.68 ms, found 0 plugins.
Preloading 0 native plugins for Editor in 0.00 ms.
Unloading 3421 Unused Serialized files (Serialized files now loaded: 0)
System memory in use before: 143.0 MB.
System memory in use after: 143.3 MB.

Unloading 28 unused Assets to reduce memory usage. Loaded Objects now: 3988.
Total: 27.295800 ms (FindLiveObjects: 0.413200 ms CreateObjectMapping: 0.649000 ms MarkObjects: 26.060100 ms  DeleteObjects: 0.170700 ms)

Unloading 0 Unused Serialized files (Serialized files now loaded: 0)
System memory in use before: 142.9 MB.
System memory in use after: 143.1 MB.

Unloading 0 unused Assets to reduce memory usage. Loaded Objects now: 3988.
Total: 24.884500 ms (FindLiveObjects: 0.492100 ms CreateObjectMapping: 0.148700 ms MarkObjects: 24.213600 ms  DeleteObjects: 0.026700 ms)

========================================================================
Received Import Request.
  path: Assets/U3d-package/Editor/NodeEditor/Editor/Node_Editor_Framework/Resources/Saves/Task/Task.asset
  artifactKey: Guid(2373422134b0ba94f98eb0cd5efbd8e1) Importer(815301076,1909f56bfc062723c751e8b465ee728b)
Start importing Assets/U3d-package/Editor/NodeEditor/Editor/Node_Editor_Framework/Resources/Saves/Task/Task.asset using Guid(2373422134b0ba94f98eb0cd5efbd8e1) Importer(815301076,1909f56bfc062723c751e8b465ee728b)  -> (artifact id: '43008476399f2a13d8549c15452524f6') in 0.294403 seconds
  Import took 0.300227 seconds .

========================================================================
Received Import Request.
  Time since last request: 0.580892 seconds.
  path: Assets/U3d-package/Editor/NodeEditor/Editor/Node_Editor_Framework/Resources/Saves/Task/Task.asset
  artifactKey: Guid(2373422134b0ba94f98eb0cd5efbd8e1) Importer(815301076,1909f56bfc062723c751e8b465ee728b)
Start importing Assets/U3d-package/Editor/NodeEditor/Editor/Node_Editor_Framework/Resources/Saves/Task/Task.asset using Guid(2373422134b0ba94f98eb0cd5efbd8e1) Importer(815301076,1909f56bfc062723c751e8b465ee728b)  -> (artifact id: 'e0dbd54d6ea5481ccb56f3317b0a559f') in 0.012082 seconds
  Import took 0.017736 seconds .

========================================================================
Received Prepare
Registering precompiled user dll's ...
Registered in 0.009312 seconds.
Begin MonoManager ReloadAssembly
Native extension for WindowsStandalone target not found
Refreshing native plugins compatible for Editor in 0.68 ms, found 0 plugins.
Preloading 0 native plugins for Editor in 0.00 ms.
执行了BsonHelper初始化
UnityEngine.StackTraceUtility:ExtractStackTrace ()
UnityEngine.DebugLogHandler:LogFormat (UnityEngine.LogType,UnityEngine.Object,string,object[])
UnityEngine.Logger:Log (UnityEngine.LogType,object)
UnityEngine.Debug:Log (object)
ETModel.Log:Info (string) (at Assets/U3d-package/Model/Base/Log.cs:19)
ETModel.BsonHelper:.cctor () (at Assets/U3d-package/Model/Logic/Helpers/BsonHelper.cs:26)
System.Runtime.CompilerServices.RuntimeHelpers:RunClassConstructor (System.RuntimeTypeHandle)
UnityEditor.EditorAssemblies:ProcessInitializeOnLoadAttributes (System.Type[])

(Filename: Assets/U3d-package/Model/Base/Log.cs Line: 19)

复制Hotfix.dll, Hotfix.pdb到Res/Code完成
UnityEngine.StackTraceUtility:ExtractStackTrace ()
UnityEngine.DebugLogHandler:LogFormat (UnityEngine.LogType,UnityEngine.Object,string,object[])
UnityEngine.Logger:Log (UnityEngine.LogType,object)
UnityEngine.Debug:Log (object)
ETModel.Log:Info (string) (at Assets/U3d-package/Model/Base/Log.cs:19)
ETEditor.Startup:.cctor () (at Assets/U3d-package/Editor/Startup.cs:20)
System.Runtime.CompilerServices.RuntimeHelpers:RunClassConstructor (System.RuntimeTypeHandle)
UnityEditor.EditorAssemblies:ProcessInitializeOnLoadAttributes (System.Type[])

(Filename: Assets/U3d-package/Model/Base/Log.cs Line: 19)

Invoked RoslynAnalysisRunner static constructor.
RoslynAnalysisRunner will not be running.
RoslynAnalysisRunner has terminated.
Mono: successfully reloaded assembly
- Completed reload, in  1.920 seconds
Platform modules already initialized, skipping
Shader 'Universal Render Pipeline/Particles/Lit': fallback shader 'Universal Render Pipeline/Particles/SimpleLit' not found
Refreshing native plugins compatible for Editor in 0.70 ms, found 0 plugins.
Preloading 0 native plugins for Editor in 0.00 ms.
Unloading 3291 Unused Serialized files (Serialized files now loaded: 0)
System memory in use before: 152.2 MB.
System memory in use after: 152.5 MB.

Unloading 75 unused Assets to reduce memory usage. Loaded Objects now: 3988.
Total: 28.960000 ms (FindLiveObjects: 0.529700 ms CreateObjectMapping: 0.194300 ms MarkObjects: 27.864700 ms  DeleteObjects: 0.367400 ms)

Unloading 0 Unused Serialized files (Serialized files now loaded: 0)
System memory in use before: 152.1 MB.
System memory in use after: 152.3 MB.

Unloading 0 unused Assets to reduce memory usage. Loaded Objects now: 3988.
Total: 27.967800 ms (FindLiveObjects: 0.508700 ms CreateObjectMapping: 0.195800 ms MarkObjects: 27.242900 ms  DeleteObjects: 0.017100 ms)

========================================================================
Received Prepare
Registering precompiled user dll's ...
Registered in 0.008407 seconds.
Begin MonoManager ReloadAssembly
Native extension for WindowsStandalone target not found
Refreshing native plugins compatible for Editor in 0.68 ms, found 0 plugins.
Preloading 0 native plugins for Editor in 0.00 ms.
执行了BsonHelper初始化
UnityEngine.StackTraceUtility:ExtractStackTrace ()
UnityEngine.DebugLogHandler:LogFormat (UnityEngine.LogType,UnityEngine.Object,string,object[])
UnityEngine.Logger:Log (UnityEngine.LogType,object)
UnityEngine.Debug:Log (object)
ETModel.Log:Info (string) (at Assets/U3d-package/Model/Base/Log.cs:19)
ETModel.BsonHelper:.cctor () (at Assets/U3d-package/Model/Logic/Helpers/BsonHelper.cs:26)
System.Runtime.CompilerServices.RuntimeHelpers:RunClassConstructor (System.RuntimeTypeHandle)
UnityEditor.EditorAssemblies:ProcessInitializeOnLoadAttributes (System.Type[])

(Filename: Assets/U3d-package/Model/Base/Log.cs Line: 19)

复制Hotfix.dll, Hotfix.pdb到Res/Code完成
UnityEngine.StackTraceUtility:ExtractStackTrace ()
UnityEngine.DebugLogHandler:LogFormat (UnityEngine.LogType,UnityEngine.Object,string,object[])
UnityEngine.Logger:Log (UnityEngine.LogType,object)
UnityEngine.Debug:Log (object)
ETModel.Log:Info (string) (at Assets/U3d-package/Model/Base/Log.cs:19)
ETEditor.Startup:.cctor () (at Assets/U3d-package/Editor/Startup.cs:20)
System.Runtime.CompilerServices.RuntimeHelpers:RunClassConstructor (System.RuntimeTypeHandle)
UnityEditor.EditorAssemblies:ProcessInitializeOnLoadAttributes (System.Type[])

(Filename: Assets/U3d-package/Model/Base/Log.cs Line: 19)

Invoked RoslynAnalysisRunner static constructor.
RoslynAnalysisRunner will not be running.
RoslynAnalysisRunner has terminated.
Mono: successfully reloaded assembly
- Completed reload, in  1.600 seconds
Platform modules already initialized, skipping
Shader 'Universal Render Pipeline/Particles/Lit': fallback shader 'Universal Render Pipeline/Particles/SimpleLit' not found
Refreshing native plugins compatible for Editor in 0.65 ms, found 0 plugins.
Preloading 0 native plugins for Editor in 0.00 ms.
Unloading 3291 Unused Serialized files (Serialized files now loaded: 0)
System memory in use before: 161.8 MB.
System memory in use after: 162.0 MB.

Unloading 75 unused Assets to reduce memory usage. Loaded Objects now: 3988.
Total: 27.906000 ms (FindLiveObjects: 0.735500 ms CreateObjectMapping: 0.281500 ms MarkObjects: 26.541200 ms  DeleteObjects: 0.345200 ms)

Unloading 0 Unused Serialized files (Serialized files now loaded: 0)
System memory in use before: 161.7 MB.
System memory in use after: 161.9 MB.

Unloading 0 unused Assets to reduce memory usage. Loaded Objects now: 3988.
Total: 26.528300 ms (FindLiveObjects: 0.647300 ms CreateObjectMapping: 0.172200 ms MarkObjects: 25.688500 ms  DeleteObjects: 0.016900 ms)

========================================================================
Received Prepare
Registering precompiled user dll's ...
Registered in 0.008357 seconds.
Begin MonoManager ReloadAssembly
Native extension for WindowsStandalone target not found
Refreshing native plugins compatible for Editor in 0.90 ms, found 0 plugins.
Preloading 0 native plugins for Editor in 0.00 ms.
执行了BsonHelper初始化
UnityEngine.StackTraceUtility:ExtractStackTrace ()
UnityEngine.DebugLogHandler:LogFormat (UnityEngine.LogType,UnityEngine.Object,string,object[])
UnityEngine.Logger:Log (UnityEngine.LogType,object)
UnityEngine.Debug:Log (object)
ETModel.Log:Info (string) (at Assets/U3d-package/Model/Base/Log.cs:19)
ETModel.BsonHelper:.cctor () (at Assets/U3d-package/Model/Logic/Helpers/BsonHelper.cs:26)
System.Runtime.CompilerServices.RuntimeHelpers:RunClassConstructor (System.RuntimeTypeHandle)
UnityEditor.EditorAssemblies:ProcessInitializeOnLoadAttributes (System.Type[])

(Filename: Assets/U3d-package/Model/Base/Log.cs Line: 19)

复制Hotfix.dll, Hotfix.pdb到Res/Code完成
UnityEngine.StackTraceUtility:ExtractStackTrace ()
UnityEngine.DebugLogHandler:LogFormat (UnityEngine.LogType,UnityEngine.Object,string,object[])
UnityEngine.Logger:Log (UnityEngine.LogType,object)
UnityEngine.Debug:Log (object)
ETModel.Log:Info (string) (at Assets/U3d-package/Model/Base/Log.cs:19)
ETEditor.Startup:.cctor () (at Assets/U3d-package/Editor/Startup.cs:20)
System.Runtime.CompilerServices.RuntimeHelpers:RunClassConstructor (System.RuntimeTypeHandle)
UnityEditor.EditorAssemblies:ProcessInitializeOnLoadAttributes (System.Type[])

(Filename: Assets/U3d-package/Model/Base/Log.cs Line: 19)

Invoked RoslynAnalysisRunner static constructor.
RoslynAnalysisRunner will not be running.
RoslynAnalysisRunner has terminated.
Mono: successfully reloaded assembly
- Completed reload, in  1.756 seconds
Platform modules already initialized, skipping
Shader 'Universal Render Pipeline/Particles/Lit': fallback shader 'Universal Render Pipeline/Particles/SimpleLit' not found
Refreshing native plugins compatible for Editor in 0.66 ms, found 0 plugins.
Preloading 0 native plugins for Editor in 0.00 ms.
Unloading 3291 Unused Serialized files (Serialized files now loaded: 0)
System memory in use before: 153.1 MB.
System memory in use after: 153.4 MB.

Unloading 75 unused Assets to reduce memory usage. Loaded Objects now: 3988.
Total: 27.888500 ms (FindLiveObjects: 0.616800 ms CreateObjectMapping: 0.117300 ms MarkObjects: 26.768700 ms  DeleteObjects: 0.381600 ms)

Unloading 0 Unused Serialized files (Serialized files now loaded: 0)
System memory in use before: 153.0 MB.
System memory in use after: 153.2 MB.

Unloading 0 unused Assets to reduce memory usage. Loaded Objects now: 3988.
Total: 35.052700 ms (FindLiveObjects: 1.425800 ms CreateObjectMapping: 0.339700 ms MarkObjects: 33.267400 ms  DeleteObjects: 0.017300 ms)

========================================================================
Received Prepare
Registering precompiled user dll's ...
Registered in 0.007413 seconds.
Begin MonoManager ReloadAssembly
Native extension for WindowsStandalone target not found
Refreshing native plugins compatible for Editor in 0.66 ms, found 0 plugins.
Preloading 0 native plugins for Editor in 0.00 ms.
执行了BsonHelper初始化
UnityEngine.StackTraceUtility:ExtractStackTrace ()
UnityEngine.DebugLogHandler:LogFormat (UnityEngine.LogType,UnityEngine.Object,string,object[])
UnityEngine.Logger:Log (UnityEngine.LogType,object)
UnityEngine.Debug:Log (object)
ETModel.Log:Info (string) (at Assets/U3d-package/Model/Base/Log.cs:19)
ETModel.BsonHelper:.cctor () (at Assets/U3d-package/Model/Logic/Helpers/BsonHelper.cs:26)
System.Runtime.CompilerServices.RuntimeHelpers:RunClassConstructor (System.RuntimeTypeHandle)
UnityEditor.EditorAssemblies:ProcessInitializeOnLoadAttributes (System.Type[])

(Filename: Assets/U3d-package/Model/Base/Log.cs Line: 19)

复制Hotfix.dll, Hotfix.pdb到Res/Code完成
UnityEngine.StackTraceUtility:ExtractStackTrace ()
UnityEngine.DebugLogHandler:LogFormat (UnityEngine.LogType,UnityEngine.Object,string,object[])
UnityEngine.Logger:Log (UnityEngine.LogType,object)
UnityEngine.Debug:Log (object)
ETModel.Log:Info (string) (at Assets/U3d-package/Model/Base/Log.cs:19)
ETEditor.Startup:.cctor () (at Assets/U3d-package/Editor/Startup.cs:20)
System.Runtime.CompilerServices.RuntimeHelpers:RunClassConstructor (System.RuntimeTypeHandle)
UnityEditor.EditorAssemblies:ProcessInitializeOnLoadAttributes (System.Type[])

(Filename: Assets/U3d-package/Model/Base/Log.cs Line: 19)

Invoked RoslynAnalysisRunner static constructor.
RoslynAnalysisRunner will not be running.
RoslynAnalysisRunner has terminated.
Mono: successfully reloaded assembly
- Completed reload, in  1.626 seconds
Platform modules already initialized, skipping
Shader 'Universal Render Pipeline/Particles/Lit': fallback shader 'Universal Render Pipeline/Particles/SimpleLit' not found
Refreshing native plugins compatible for Editor in 1.25 ms, found 0 plugins.
Preloading 0 native plugins for Editor in 0.00 ms.
Unloading 3291 Unused Serialized files (Serialized files now loaded: 0)
System memory in use before: 161.9 MB.
System memory in use after: 162.1 MB.

Unloading 75 unused Assets to reduce memory usage. Loaded Objects now: 3988.
Total: 26.608500 ms (FindLiveObjects: 0.689000 ms CreateObjectMapping: 0.185900 ms MarkObjects: 25.399400 ms  DeleteObjects: 0.332100 ms)

Unloading 0 Unused Serialized files (Serialized files now loaded: 0)
System memory in use before: 161.8 MB.
System memory in use after: 162.0 MB.

Unloading 0 unused Assets to reduce memory usage. Loaded Objects now: 3988.
Total: 25.683100 ms (FindLiveObjects: 0.567300 ms CreateObjectMapping: 0.254600 ms MarkObjects: 24.838300 ms  DeleteObjects: 0.020500 ms)

========================================================================
Received Prepare
Registering precompiled user dll's ...
Registered in 0.006892 seconds.
Begin MonoManager ReloadAssembly
Native extension for WindowsStandalone target not found
Refreshing native plugins compatible for Editor in 0.65 ms, found 0 plugins.
Preloading 0 native plugins for Editor in 0.00 ms.
执行了BsonHelper初始化
UnityEngine.StackTraceUtility:ExtractStackTrace ()
UnityEngine.DebugLogHandler:LogFormat (UnityEngine.LogType,UnityEngine.Object,string,object[])
UnityEngine.Logger:Log (UnityEngine.LogType,object)
UnityEngine.Debug:Log (object)
ETModel.Log:Info (string) (at Assets/U3d-package/Model/Base/Log.cs:19)
ETModel.BsonHelper:.cctor () (at Assets/U3d-package/Model/Logic/Helpers/BsonHelper.cs:26)
System.Runtime.CompilerServices.RuntimeHelpers:RunClassConstructor (System.RuntimeTypeHandle)
UnityEditor.EditorAssemblies:ProcessInitializeOnLoadAttributes (System.Type[])

(Filename: Assets/U3d-package/Model/Base/Log.cs Line: 19)

复制Hotfix.dll, Hotfix.pdb到Res/Code完成
UnityEngine.StackTraceUtility:ExtractStackTrace ()
UnityEngine.DebugLogHandler:LogFormat (UnityEngine.LogType,UnityEngine.Object,string,object[])
UnityEngine.Logger:Log (UnityEngine.LogType,object)
UnityEngine.Debug:Log (object)
ETModel.Log:Info (string) (at Assets/U3d-package/Model/Base/Log.cs:19)
ETEditor.Startup:.cctor () (at Assets/U3d-package/Editor/Startup.cs:20)
System.Runtime.CompilerServices.RuntimeHelpers:RunClassConstructor (System.RuntimeTypeHandle)
UnityEditor.EditorAssemblies:ProcessInitializeOnLoadAttributes (System.Type[])

(Filename: Assets/U3d-package/Model/Base/Log.cs Line: 19)

Invoked RoslynAnalysisRunner static constructor.
RoslynAnalysisRunner will not be running.
RoslynAnalysisRunner has terminated.
Mono: successfully reloaded assembly
- Completed reload, in  1.643 seconds
Platform modules already initialized, skipping
Shader 'Universal Render Pipeline/Particles/Lit': fallback shader 'Universal Render Pipeline/Particles/SimpleLit' not found
Refreshing native plugins compatible for Editor in 0.73 ms, found 0 plugins.
Preloading 0 native plugins for Editor in 0.00 ms.
Unloading 3291 Unused Serialized files (Serialized files now loaded: 0)
System memory in use before: 161.9 MB.
System memory in use after: 162.1 MB.

Unloading 75 unused Assets to reduce memory usage. Loaded Objects now: 3988.
Total: 27.274100 ms (FindLiveObjects: 0.497600 ms CreateObjectMapping: 0.180800 ms MarkObjects: 26.283600 ms  DeleteObjects: 0.308400 ms)

Unloading 0 Unused Serialized files (Serialized files now loaded: 0)
System memory in use before: 161.8 MB.
System memory in use after: 162.0 MB.

Unloading 0 unused Assets to reduce memory usage. Loaded Objects now: 3988.
Total: 28.699600 ms (FindLiveObjects: 0.709900 ms CreateObjectMapping: 0.254700 ms MarkObjects: 27.704000 ms  DeleteObjects: 0.026600 ms)

========================================================================
Received Prepare
Registering precompiled user dll's ...
Registered in 0.007083 seconds.
Begin MonoManager ReloadAssembly
Native extension for WindowsStandalone target not found
Refreshing native plugins compatible for Editor in 0.70 ms, found 0 plugins.
Preloading 0 native plugins for Editor in 0.00 ms.
执行了BsonHelper初始化
UnityEngine.StackTraceUtility:ExtractStackTrace ()
UnityEngine.DebugLogHandler:LogFormat (UnityEngine.LogType,UnityEngine.Object,string,object[])
UnityEngine.Logger:Log (UnityEngine.LogType,object)
UnityEngine.Debug:Log (object)
ETModel.Log:Info (string) (at Assets/U3d-package/Model/Base/Log.cs:19)
ETModel.BsonHelper:.cctor () (at Assets/U3d-package/Model/Logic/Helpers/BsonHelper.cs:26)
System.Runtime.CompilerServices.RuntimeHelpers:RunClassConstructor (System.RuntimeTypeHandle)
UnityEditor.EditorAssemblies:ProcessInitializeOnLoadAttributes (System.Type[])

(Filename: Assets/U3d-package/Model/Base/Log.cs Line: 19)

复制Hotfix.dll, Hotfix.pdb到Res/Code完成
UnityEngine.StackTraceUtility:ExtractStackTrace ()
UnityEngine.DebugLogHandler:LogFormat (UnityEngine.LogType,UnityEngine.Object,string,object[])
UnityEngine.Logger:Log (UnityEngine.LogType,object)
UnityEngine.Debug:Log (object)
ETModel.Log:Info (string) (at Assets/U3d-package/Model/Base/Log.cs:19)
ETEditor.Startup:.cctor () (at Assets/U3d-package/Editor/Startup.cs:20)
System.Runtime.CompilerServices.RuntimeHelpers:RunClassConstructor (System.RuntimeTypeHandle)
UnityEditor.EditorAssemblies:ProcessInitializeOnLoadAttributes (System.Type[])

(Filename: Assets/U3d-package/Model/Base/Log.cs Line: 19)

Invoked RoslynAnalysisRunner static constructor.
RoslynAnalysisRunner will not be running.
RoslynAnalysisRunner has terminated.
Mono: successfully reloaded assembly
- Completed reload, in  2.118 seconds
Platform modules already initialized, skipping
Shader 'Universal Render Pipeline/Particles/Lit': fallback shader 'Universal Render Pipeline/Particles/SimpleLit' not found
Refreshing native plugins compatible for Editor in 0.77 ms, found 0 plugins.
Preloading 0 native plugins for Editor in 0.00 ms.
Unloading 3291 Unused Serialized files (Serialized files now loaded: 0)
System memory in use before: 153.3 MB.
System memory in use after: 153.5 MB.

Unloading 75 unused Assets to reduce memory usage. Loaded Objects now: 3988.
Total: 30.604700 ms (FindLiveObjects: 0.411800 ms CreateObjectMapping: 0.128800 ms MarkObjects: 29.669400 ms  DeleteObjects: 0.390300 ms)

Unloading 0 Unused Serialized files (Serialized files now loaded: 0)
System memory in use before: 153.2 MB.
System memory in use after: 153.4 MB.

Unloading 0 unused Assets to reduce memory usage. Loaded Objects now: 3988.
Total: 38.256200 ms (FindLiveObjects: 0.922200 ms CreateObjectMapping: 0.246700 ms MarkObjects: 37.063000 ms  DeleteObjects: 0.021700 ms)

========================================================================
Received Prepare
Registering precompiled user dll's ...
Registered in 0.007776 seconds.
Begin MonoManager ReloadAssembly
Native extension for WindowsStandalone target not found
Refreshing native plugins compatible for Editor in 0.68 ms, found 0 plugins.
Preloading 0 native plugins for Editor in 0.00 ms.
执行了BsonHelper初始化
UnityEngine.StackTraceUtility:ExtractStackTrace ()
UnityEngine.DebugLogHandler:LogFormat (UnityEngine.LogType,UnityEngine.Object,string,object[])
UnityEngine.Logger:Log (UnityEngine.LogType,object)
UnityEngine.Debug:Log (object)
ETModel.Log:Info (string) (at Assets/U3d-package/Model/Base/Log.cs:19)
ETModel.BsonHelper:.cctor () (at Assets/U3d-package/Model/Logic/Helpers/BsonHelper.cs:26)
System.Runtime.CompilerServices.RuntimeHelpers:RunClassConstructor (System.RuntimeTypeHandle)
UnityEditor.EditorAssemblies:ProcessInitializeOnLoadAttributes (System.Type[])

(Filename: Assets/U3d-package/Model/Base/Log.cs Line: 19)

复制Hotfix.dll, Hotfix.pdb到Res/Code完成
UnityEngine.StackTraceUtility:ExtractStackTrace ()
UnityEngine.DebugLogHandler:LogFormat (UnityEngine.LogType,UnityEngine.Object,string,object[])
UnityEngine.Logger:Log (UnityEngine.LogType,object)
UnityEngine.Debug:Log (object)
ETModel.Log:Info (string) (at Assets/U3d-package/Model/Base/Log.cs:19)
ETEditor.Startup:.cctor () (at Assets/U3d-package/Editor/Startup.cs:20)
System.Runtime.CompilerServices.RuntimeHelpers:RunClassConstructor (System.RuntimeTypeHandle)
UnityEditor.EditorAssemblies:ProcessInitializeOnLoadAttributes (System.Type[])

(Filename: Assets/U3d-package/Model/Base/Log.cs Line: 19)

Invoked RoslynAnalysisRunner static constructor.
RoslynAnalysisRunner will not be running.
RoslynAnalysisRunner has terminated.
Mono: successfully reloaded assembly
- Completed reload, in  1.744 seconds
Platform modules already initialized, skipping
Shader 'Universal Render Pipeline/Particles/Lit': fallback shader 'Universal Render Pipeline/Particles/SimpleLit' not found
Refreshing native plugins compatible for Editor in 0.67 ms, found 0 plugins.
Preloading 0 native plugins for Editor in 0.00 ms.
Unloading 3291 Unused Serialized files (Serialized files now loaded: 0)
System memory in use before: 153.4 MB.
System memory in use after: 153.6 MB.

Unloading 75 unused Assets to reduce memory usage. Loaded Objects now: 3988.
Total: 27.815400 ms (FindLiveObjects: 0.684800 ms CreateObjectMapping: 0.118500 ms MarkObjects: 26.554900 ms  DeleteObjects: 0.454000 ms)

Unloading 0 Unused Serialized files (Serialized files now loaded: 0)
System memory in use before: 153.3 MB.
System memory in use after: 153.5 MB.

Unloading 0 unused Assets to reduce memory usage. Loaded Objects now: 3988.
Total: 37.626100 ms (FindLiveObjects: 0.587000 ms CreateObjectMapping: 0.561800 ms MarkObjects: 36.457300 ms  DeleteObjects: 0.016800 ms)

========================================================================
Received Prepare
Registering precompiled user dll's ...
Registered in 0.007687 seconds.
Begin MonoManager ReloadAssembly
Native extension for WindowsStandalone target not found
Refreshing native plugins compatible for Editor in 0.69 ms, found 0 plugins.
Preloading 0 native plugins for Editor in 0.00 ms.
执行了BsonHelper初始化
UnityEngine.StackTraceUtility:ExtractStackTrace ()
UnityEngine.DebugLogHandler:LogFormat (UnityEngine.LogType,UnityEngine.Object,string,object[])
UnityEngine.Logger:Log (UnityEngine.LogType,object)
UnityEngine.Debug:Log (object)
ETModel.Log:Info (string) (at Assets/U3d-package/Model/Base/Log.cs:19)
ETModel.BsonHelper:.cctor () (at Assets/U3d-package/Model/Logic/Helpers/BsonHelper.cs:26)
System.Runtime.CompilerServices.RuntimeHelpers:RunClassConstructor (System.RuntimeTypeHandle)
UnityEditor.EditorAssemblies:ProcessInitializeOnLoadAttributes (System.Type[])

(Filename: Assets/U3d-package/Model/Base/Log.cs Line: 19)

复制Hotfix.dll, Hotfix.pdb到Res/Code完成
UnityEngine.StackTraceUtility:ExtractStackTrace ()
UnityEngine.DebugLogHandler:LogFormat (UnityEngine.LogType,UnityEngine.Object,string,object[])
UnityEngine.Logger:Log (UnityEngine.LogType,object)
UnityEngine.Debug:Log (object)
ETModel.Log:Info (string) (at Assets/U3d-package/Model/Base/Log.cs:19)
ETEditor.Startup:.cctor () (at Assets/U3d-package/Editor/Startup.cs:20)
System.Runtime.CompilerServices.RuntimeHelpers:RunClassConstructor (System.RuntimeTypeHandle)
UnityEditor.EditorAssemblies:ProcessInitializeOnLoadAttributes (System.Type[])

(Filename: Assets/U3d-package/Model/Base/Log.cs Line: 19)

Invoked RoslynAnalysisRunner static constructor.
RoslynAnalysisRunner will not be running.
RoslynAnalysisRunner has terminated.
Mono: successfully reloaded assembly
- Completed reload, in  1.716 seconds
Platform modules already initialized, skipping
Shader 'Universal Render Pipeline/Particles/Lit': fallback shader 'Universal Render Pipeline/Particles/SimpleLit' not found
Refreshing native plugins compatible for Editor in 0.80 ms, found 0 plugins.
Preloading 0 native plugins for Editor in 0.00 ms.
Unloading 3291 Unused Serialized files (Serialized files now loaded: 0)
System memory in use before: 153.4 MB.
System memory in use after: 153.6 MB.

Unloading 75 unused Assets to reduce memory usage. Loaded Objects now: 3988.
Total: 29.252900 ms (FindLiveObjects: 0.560700 ms CreateObjectMapping: 0.131500 ms MarkObjects: 28.204400 ms  DeleteObjects: 0.352700 ms)

Unloading 0 Unused Serialized files (Serialized files now loaded: 0)
System memory in use before: 153.3 MB.
System memory in use after: 153.5 MB.

Unloading 0 unused Assets to reduce memory usage. Loaded Objects now: 3988.
Total: 32.060200 ms (FindLiveObjects: 0.611300 ms CreateObjectMapping: 0.332500 ms MarkObjects: 31.090000 ms  DeleteObjects: 0.023600 ms)

========================================================================
Received Prepare
Registering precompiled user dll's ...
Registered in 0.007105 seconds.
Begin MonoManager ReloadAssembly
Native extension for WindowsStandalone target not found
Refreshing native plugins compatible for Editor in 0.69 ms, found 0 plugins.
Preloading 0 native plugins for Editor in 0.00 ms.
执行了BsonHelper初始化
UnityEngine.StackTraceUtility:ExtractStackTrace ()
UnityEngine.DebugLogHandler:LogFormat (UnityEngine.LogType,UnityEngine.Object,string,object[])
UnityEngine.Logger:Log (UnityEngine.LogType,object)
UnityEngine.Debug:Log (object)
ETModel.Log:Info (string) (at Assets/U3d-package/Model/Base/Log.cs:19)
ETModel.BsonHelper:.cctor () (at Assets/U3d-package/Model/Logic/Helpers/BsonHelper.cs:26)
System.Runtime.CompilerServices.RuntimeHelpers:RunClassConstructor (System.RuntimeTypeHandle)
UnityEditor.EditorAssemblies:ProcessInitializeOnLoadAttributes (System.Type[])

(Filename: Assets/U3d-package/Model/Base/Log.cs Line: 19)

复制Hotfix.dll, Hotfix.pdb到Res/Code完成
UnityEngine.StackTraceUtility:ExtractStackTrace ()
UnityEngine.DebugLogHandler:LogFormat (UnityEngine.LogType,UnityEngine.Object,string,object[])
UnityEngine.Logger:Log (UnityEngine.LogType,object)
UnityEngine.Debug:Log (object)
ETModel.Log:Info (string) (at Assets/U3d-package/Model/Base/Log.cs:19)
ETEditor.Startup:.cctor () (at Assets/U3d-package/Editor/Startup.cs:20)
System.Runtime.CompilerServices.RuntimeHelpers:RunClassConstructor (System.RuntimeTypeHandle)
UnityEditor.EditorAssemblies:ProcessInitializeOnLoadAttributes (System.Type[])

(Filename: Assets/U3d-package/Model/Base/Log.cs Line: 19)

Invoked RoslynAnalysisRunner static constructor.
RoslynAnalysisRunner will not be running.
RoslynAnalysisRunner has terminated.
Mono: successfully reloaded assembly
- Completed reload, in  1.723 seconds
Platform modules already initialized, skipping
Shader 'Universal Render Pipeline/Particles/Lit': fallback shader 'Universal Render Pipeline/Particles/SimpleLit' not found
Refreshing native plugins compatible for Editor in 0.67 ms, found 0 plugins.
Preloading 0 native plugins for Editor in 0.00 ms.
Unloading 3291 Unused Serialized files (Serialized files now loaded: 0)
System memory in use before: 153.4 MB.
System memory in use after: 153.6 MB.

Unloading 75 unused Assets to reduce memory usage. Loaded Objects now: 3988.
Total: 28.186500 ms (FindLiveObjects: 0.503500 ms CreateObjectMapping: 0.149200 ms MarkObjects: 27.188800 ms  DeleteObjects: 0.342100 ms)

Unloading 0 Unused Serialized files (Serialized files now loaded: 0)
System memory in use before: 153.3 MB.
System memory in use after: 153.5 MB.

Unloading 0 unused Assets to reduce memory usage. Loaded Objects now: 3988.
Total: 31.478800 ms (FindLiveObjects: 0.556800 ms CreateObjectMapping: 0.229900 ms MarkObjects: 30.663200 ms  DeleteObjects: 0.025400 ms)

========================================================================
Received Prepare
Registering precompiled user dll's ...
Registered in 0.008717 seconds.
Begin MonoManager ReloadAssembly
Native extension for WindowsStandalone target not found
Refreshing native plugins compatible for Editor in 0.68 ms, found 0 plugins.
Preloading 0 native plugins for Editor in 0.00 ms.
执行了BsonHelper初始化
UnityEngine.StackTraceUtility:ExtractStackTrace ()
UnityEngine.DebugLogHandler:LogFormat (UnityEngine.LogType,UnityEngine.Object,string,object[])
UnityEngine.Logger:Log (UnityEngine.LogType,object)
UnityEngine.Debug:Log (object)
ETModel.Log:Info (string) (at Assets/U3d-package/Model/Base/Log.cs:19)
ETModel.BsonHelper:.cctor () (at Assets/U3d-package/Model/Logic/Helpers/BsonHelper.cs:26)
System.Runtime.CompilerServices.RuntimeHelpers:RunClassConstructor (System.RuntimeTypeHandle)
UnityEditor.EditorAssemblies:ProcessInitializeOnLoadAttributes (System.Type[])

(Filename: Assets/U3d-package/Model/Base/Log.cs Line: 19)

复制Hotfix.dll, Hotfix.pdb到Res/Code完成
UnityEngine.StackTraceUtility:ExtractStackTrace ()
UnityEngine.DebugLogHandler:LogFormat (UnityEngine.LogType,UnityEngine.Object,string,object[])
UnityEngine.Logger:Log (UnityEngine.LogType,object)
UnityEngine.Debug:Log (object)
ETModel.Log:Info (string) (at Assets/U3d-package/Model/Base/Log.cs:19)
ETEditor.Startup:.cctor () (at Assets/U3d-package/Editor/Startup.cs:20)
System.Runtime.CompilerServices.RuntimeHelpers:RunClassConstructor (System.RuntimeTypeHandle)
UnityEditor.EditorAssemblies:ProcessInitializeOnLoadAttributes (System.Type[])

(Filename: Assets/U3d-package/Model/Base/Log.cs Line: 19)

Invoked RoslynAnalysisRunner static constructor.
RoslynAnalysisRunner will not be running.
RoslynAnalysisRunner has terminated.
Mono: successfully reloaded assembly
- Completed reload, in  1.946 seconds
Platform modules already initialized, skipping
Shader 'Universal Render Pipeline/Particles/Lit': fallback shader 'Universal Render Pipeline/Particles/SimpleLit' not found
Refreshing native plugins compatible for Editor in 0.69 ms, found 0 plugins.
Preloading 0 native plugins for Editor in 0.00 ms.
Unloading 3291 Unused Serialized files (Serialized files now loaded: 0)
System memory in use before: 161.7 MB.
System memory in use after: 161.9 MB.

Unloading 75 unused Assets to reduce memory usage. Loaded Objects now: 3988.
Total: 31.451900 ms (FindLiveObjects: 0.926600 ms CreateObjectMapping: 0.352000 ms MarkObjects: 29.740000 ms  DeleteObjects: 0.429800 ms)

Unloading 0 Unused Serialized files (Serialized files now loaded: 0)
System memory in use before: 161.6 MB.
System memory in use after: 161.8 MB.

Unloading 0 unused Assets to reduce memory usage. Loaded Objects now: 3988.
Total: 29.737100 ms (FindLiveObjects: 0.758600 ms CreateObjectMapping: 0.185000 ms MarkObjects: 28.770000 ms  DeleteObjects: 0.020400 ms)

========================================================================
Received Prepare
Registering precompiled user dll's ...
Registered in 0.010282 seconds.
Begin MonoManager ReloadAssembly
Native extension for WindowsStandalone target not found
Refreshing native plugins compatible for Editor in 0.76 ms, found 0 plugins.
Preloading 0 native plugins for Editor in 0.00 ms.
执行了BsonHelper初始化
UnityEngine.StackTraceUtility:ExtractStackTrace ()
UnityEngine.DebugLogHandler:LogFormat (UnityEngine.LogType,UnityEngine.Object,string,object[])
UnityEngine.Logger:Log (UnityEngine.LogType,object)
UnityEngine.Debug:Log (object)
ETModel.Log:Info (string) (at Assets/U3d-package/Model/Base/Log.cs:19)
ETModel.BsonHelper:.cctor () (at Assets/U3d-package/Model/Logic/Helpers/BsonHelper.cs:26)
System.Runtime.CompilerServices.RuntimeHelpers:RunClassConstructor (System.RuntimeTypeHandle)
UnityEditor.EditorAssemblies:ProcessInitializeOnLoadAttributes (System.Type[])

(Filename: Assets/U3d-package/Model/Base/Log.cs Line: 19)

复制Hotfix.dll, Hotfix.pdb到Res/Code完成
UnityEngine.StackTraceUtility:ExtractStackTrace ()
UnityEngine.DebugLogHandler:LogFormat (UnityEngine.LogType,UnityEngine.Object,string,object[])
UnityEngine.Logger:Log (UnityEngine.LogType,object)
UnityEngine.Debug:Log (object)
ETModel.Log:Info (string) (at Assets/U3d-package/Model/Base/Log.cs:19)
ETEditor.Startup:.cctor () (at Assets/U3d-package/Editor/Startup.cs:20)
System.Runtime.CompilerServices.RuntimeHelpers:RunClassConstructor (System.RuntimeTypeHandle)
UnityEditor.EditorAssemblies:ProcessInitializeOnLoadAttributes (System.Type[])

(Filename: Assets/U3d-package/Model/Base/Log.cs Line: 19)

Invoked RoslynAnalysisRunner static constructor.
RoslynAnalysisRunner will not be running.
RoslynAnalysisRunner has terminated.
Mono: successfully reloaded assembly
- Completed reload, in  2.383 seconds
Platform modules already initialized, skipping
Shader 'Universal Render Pipeline/Particles/Lit': fallback shader 'Universal Render Pipeline/Particles/SimpleLit' not found
Refreshing native plugins compatible for Editor in 0.74 ms, found 0 plugins.
Preloading 0 native plugins for Editor in 0.00 ms.
Unloading 3291 Unused Serialized files (Serialized files now loaded: 0)
System memory in use before: 153.4 MB.
System memory in use after: 153.7 MB.

Unloading 75 unused Assets to reduce memory usage. Loaded Objects now: 3988.
Total: 34.451200 ms (FindLiveObjects: 0.458800 ms CreateObjectMapping: 0.128600 ms MarkObjects: 33.288000 ms  DeleteObjects: 0.573700 ms)

Unloading 0 Unused Serialized files (Serialized files now loaded: 0)
System memory in use before: 153.3 MB.
System memory in use after: 153.5 MB.

Unloading 0 unused Assets to reduce memory usage. Loaded Objects now: 3988.
Total: 33.572400 ms (FindLiveObjects: 0.446600 ms CreateObjectMapping: 0.142500 ms MarkObjects: 32.967900 ms  DeleteObjects: 0.013000 ms)

========================================================================
Received Prepare
Registering precompiled user dll's ...
Registered in 0.011292 seconds.
Begin MonoManager ReloadAssembly
Native extension for WindowsStandalone target not found
Refreshing native plugins compatible for Editor in 0.71 ms, found 0 plugins.
Preloading 0 native plugins for Editor in 0.00 ms.
执行了BsonHelper初始化
UnityEngine.StackTraceUtility:ExtractStackTrace ()
UnityEngine.DebugLogHandler:LogFormat (UnityEngine.LogType,UnityEngine.Object,string,object[])
UnityEngine.Logger:Log (UnityEngine.LogType,object)
UnityEngine.Debug:Log (object)
ETModel.Log:Info (string) (at Assets/U3d-package/Model/Base/Log.cs:19)
ETModel.BsonHelper:.cctor () (at Assets/U3d-package/Model/Logic/Helpers/BsonHelper.cs:26)
System.Runtime.CompilerServices.RuntimeHelpers:RunClassConstructor (System.RuntimeTypeHandle)
UnityEditor.EditorAssemblies:ProcessInitializeOnLoadAttributes (System.Type[])

(Filename: Assets/U3d-package/Model/Base/Log.cs Line: 19)

复制Hotfix.dll, Hotfix.pdb到Res/Code完成
UnityEngine.StackTraceUtility:ExtractStackTrace ()
UnityEngine.DebugLogHandler:LogFormat (UnityEngine.LogType,UnityEngine.Object,string,object[])
UnityEngine.Logger:Log (UnityEngine.LogType,object)
UnityEngine.Debug:Log (object)
ETModel.Log:Info (string) (at Assets/U3d-package/Model/Base/Log.cs:19)
ETEditor.Startup:.cctor () (at Assets/U3d-package/Editor/Startup.cs:20)
System.Runtime.CompilerServices.RuntimeHelpers:RunClassConstructor (System.RuntimeTypeHandle)
UnityEditor.EditorAssemblies:ProcessInitializeOnLoadAttributes (System.Type[])

(Filename: Assets/U3d-package/Model/Base/Log.cs Line: 19)

Invoked RoslynAnalysisRunner static constructor.
RoslynAnalysisRunner will not be running.
RoslynAnalysisRunner has terminated.
Mono: successfully reloaded assembly
- Completed reload, in  1.896 seconds
Platform modules already initialized, skipping
Shader 'Universal Render Pipeline/Particles/Lit': fallback shader 'Universal Render Pipeline/Particles/SimpleLit' not found
Refreshing native plugins compatible for Editor in 0.78 ms, found 0 plugins.
Preloading 0 native plugins for Editor in 0.00 ms.
Unloading 3291 Unused Serialized files (Serialized files now loaded: 0)
System memory in use before: 153.4 MB.
System memory in use after: 153.7 MB.

Unloading 75 unused Assets to reduce memory usage. Loaded Objects now: 3988.
Total: 42.798400 ms (FindLiveObjects: 0.457700 ms CreateObjectMapping: 0.302100 ms MarkObjects: 41.606600 ms  DeleteObjects: 0.429100 ms)

Unloading 0 Unused Serialized files (Serialized files now loaded: 0)
System memory in use before: 153.3 MB.
System memory in use after: 153.5 MB.

Unloading 0 unused Assets to reduce memory usage. Loaded Objects now: 3988.
Total: 35.483100 ms (FindLiveObjects: 0.808000 ms CreateObjectMapping: 0.430300 ms MarkObjects: 34.217600 ms  DeleteObjects: 0.023300 ms)

========================================================================
Received Prepare
Registering precompiled user dll's ...
Registered in 0.007665 seconds.
Begin MonoManager ReloadAssembly
Native extension for WindowsStandalone target not found
Refreshing native plugins compatible for Editor in 1.35 ms, found 0 plugins.
Preloading 0 native plugins for Editor in 0.00 ms.
执行了BsonHelper初始化
UnityEngine.StackTraceUtility:ExtractStackTrace ()
UnityEngine.DebugLogHandler:LogFormat (UnityEngine.LogType,UnityEngine.Object,string,object[])
UnityEngine.Logger:Log (UnityEngine.LogType,object)
UnityEngine.Debug:Log (object)
ETModel.Log:Info (string) (at Assets/U3d-package/Model/Base/Log.cs:19)
ETModel.BsonHelper:.cctor () (at Assets/U3d-package/Model/Logic/Helpers/BsonHelper.cs:26)
System.Runtime.CompilerServices.RuntimeHelpers:RunClassConstructor (System.RuntimeTypeHandle)
UnityEditor.EditorAssemblies:ProcessInitializeOnLoadAttributes (System.Type[])

(Filename: Assets/U3d-package/Model/Base/Log.cs Line: 19)

复制Hotfix.dll, Hotfix.pdb到Res/Code完成
UnityEngine.StackTraceUtility:ExtractStackTrace ()
UnityEngine.DebugLogHandler:LogFormat (UnityEngine.LogType,UnityEngine.Object,string,object[])
UnityEngine.Logger:Log (UnityEngine.LogType,object)
UnityEngine.Debug:Log (object)
ETModel.Log:Info (string) (at Assets/U3d-package/Model/Base/Log.cs:19)
ETEditor.Startup:.cctor () (at Assets/U3d-package/Editor/Startup.cs:20)
System.Runtime.CompilerServices.RuntimeHelpers:RunClassConstructor (System.RuntimeTypeHandle)
UnityEditor.EditorAssemblies:ProcessInitializeOnLoadAttributes (System.Type[])

(Filename: Assets/U3d-package/Model/Base/Log.cs Line: 19)

Invoked RoslynAnalysisRunner static constructor.
RoslynAnalysisRunner will not be running.
RoslynAnalysisRunner has terminated.
Mono: successfully reloaded assembly
- Completed reload, in  1.717 seconds
Platform modules already initialized, skipping
Shader 'Universal Render Pipeline/Particles/Lit': fallback shader 'Universal Render Pipeline/Particles/SimpleLit' not found
Refreshing native plugins compatible for Editor in 0.66 ms, found 0 plugins.
Preloading 0 native plugins for Editor in 0.00 ms.
Unloading 3291 Unused Serialized files (Serialized files now loaded: 0)
System memory in use before: 161.8 MB.
System memory in use after: 162.0 MB.

Unloading 75 unused Assets to reduce memory usage. Loaded Objects now: 3988.
Total: 27.292100 ms (FindLiveObjects: 0.575100 ms CreateObjectMapping: 0.252100 ms MarkObjects: 26.125700 ms  DeleteObjects: 0.330300 ms)

Unloading 0 Unused Serialized files (Serialized files now loaded: 0)
System memory in use before: 161.7 MB.
System memory in use after: 161.9 MB.

Unloading 0 unused Assets to reduce memory usage. Loaded Objects now: 3988.
Total: 32.619400 ms (FindLiveObjects: 0.665000 ms CreateObjectMapping: 0.421800 ms MarkObjects: 31.504600 ms  DeleteObjects: 0.024000 ms)

========================================================================
Received Prepare
Registering precompiled user dll's ...
Registered in 0.008200 seconds.
Begin MonoManager ReloadAssembly
Native extension for WindowsStandalone target not found
Refreshing native plugins compatible for Editor in 0.74 ms, found 0 plugins.
Preloading 0 native plugins for Editor in 0.00 ms.
执行了BsonHelper初始化
UnityEngine.StackTraceUtility:ExtractStackTrace ()
UnityEngine.DebugLogHandler:LogFormat (UnityEngine.LogType,UnityEngine.Object,string,object[])
UnityEngine.Logger:Log (UnityEngine.LogType,object)
UnityEngine.Debug:Log (object)
ETModel.Log:Info (string) (at Assets/U3d-package/Model/Base/Log.cs:19)
ETModel.BsonHelper:.cctor () (at Assets/U3d-package/Model/Logic/Helpers/BsonHelper.cs:26)
System.Runtime.CompilerServices.RuntimeHelpers:RunClassConstructor (System.RuntimeTypeHandle)
UnityEditor.EditorAssemblies:ProcessInitializeOnLoadAttributes (System.Type[])

(Filename: Assets/U3d-package/Model/Base/Log.cs Line: 19)

复制Hotfix.dll, Hotfix.pdb到Res/Code完成
UnityEngine.StackTraceUtility:ExtractStackTrace ()
UnityEngine.DebugLogHandler:LogFormat (UnityEngine.LogType,UnityEngine.Object,string,object[])
UnityEngine.Logger:Log (UnityEngine.LogType,object)
UnityEngine.Debug:Log (object)
ETModel.Log:Info (string) (at Assets/U3d-package/Model/Base/Log.cs:19)
ETEditor.Startup:.cctor () (at Assets/U3d-package/Editor/Startup.cs:20)
System.Runtime.CompilerServices.RuntimeHelpers:RunClassConstructor (System.RuntimeTypeHandle)
UnityEditor.EditorAssemblies:ProcessInitializeOnLoadAttributes (System.Type[])

(Filename: Assets/U3d-package/Model/Base/Log.cs Line: 19)

Invoked RoslynAnalysisRunner static constructor.
RoslynAnalysisRunner will not be running.
RoslynAnalysisRunner has terminated.
Mono: successfully reloaded assembly
- Completed reload, in  1.847 seconds
Platform modules already initialized, skipping
Shader 'Universal Render Pipeline/Particles/Lit': fallback shader 'Universal Render Pipeline/Particles/SimpleLit' not found
Refreshing native plugins compatible for Editor in 0.72 ms, found 0 plugins.
Preloading 0 native plugins for Editor in 0.00 ms.
Unloading 3291 Unused Serialized files (Serialized files now loaded: 0)
System memory in use before: 153.5 MB.
System memory in use after: 153.7 MB.

Unloading 75 unused Assets to reduce memory usage. Loaded Objects now: 3988.
Total: 31.473000 ms (FindLiveObjects: 0.617700 ms CreateObjectMapping: 0.345000 ms MarkObjects: 29.922300 ms  DeleteObjects: 0.584200 ms)

Unloading 0 Unused Serialized files (Serialized files now loaded: 0)
System memory in use before: 153.3 MB.
System memory in use after: 153.6 MB.

Unloading 0 unused Assets to reduce memory usage. Loaded Objects now: 3988.
Total: 38.297300 ms (FindLiveObjects: 0.483300 ms CreateObjectMapping: 0.163900 ms MarkObjects: 37.606400 ms  DeleteObjects: 0.039400 ms)

